8000
8001
8002
8004
8007
8009
800A
800D
800F
8012
8014
8016
8018
801B
801D
802B
802E
8031
8034
8036
8039
803C
803E
8041
8043
8046
8049
804C
804F
8052
8054
8057
8082
8085
8087
808A
808C
808F
8092
8094
8097
809E
80A1
80A3
80A6
80A9
80AB
80AE
80B1
80B3
80B6
80B9
80BC
80BE
80C1
80C3
80C6
80C8
80CB
80CD
80D0
80D3
80D5
80D8
80DB
80DE
80E1
80E4
80E7
80EA
80ED
80F0
80F3
80F4
80F6
80F9
8100
8102
8105
8107
8109
810C
810E
8111
8116
8117
8119
811B
811D
811F
8122
8124
8126
8129
812B
812D
812E
# Super suss!
8130 *
8131
8134
8135
8136
8138
813B
815C
815F
8162
8165
8168
816B
816C
816F
8172
8173
8175
8178
817B
817C
817E
8181
8182
8185
8187
8189
818B
81C5
8212
8215
8220
8222
8225
8227
822A
822B
822C
822D
822E
8230
8231
8234
# Subroutine that gets hit twice; the first time it
# passes 00 the second time 01, which appears to lead
# to the final palette write subroutine.
8567 *
856A *
858B *
858E *
8591 *
8594 *
859B *
859E *
859F *
85A2 *
85A3 *
85A5 *
85A8 *
85AA *
85AD *
85B0 *
85B1 *
85B4 *
85B5 *
85B8 *
85C8 *
85F1 *
85F4 *
85F6 *
85F9 *
85FD *
8600 *
8602 *
8606 *
8608 *
860A *
860D *
8610 *
8611 *
8612 *
8614 *
8616 *
8619 *
861C *
8621 *
8624 *
8627 *
8629 *
862C *
862E *
8631 *
8633 *
8636 *
8638 *
863B *
863C *
863D *
863F *
8642 *
8745 *
8748 *
8E04
8E05
8E06
8E07
8E09
8E0A
8E0C
8E0D
8E0F
8E11
8E12
8E14
8E16
8E19
8E1C
8E1F
8E21
8E23
8E26
8E28
8E2B
8E2D
8E30
8E32
8E35
8E37
8E39
8E3B
8E3E
8E3F
8E41
8E42
8E44
8E46
8E47
8E4A
8E4D
8E50
8E51
8E53
8E56
8E59
8E5C
8E5E
8E61
8E62
8E63
8E66
8E69
8E6A
8E6C
8E6D
8E70
8E72
8E73
8E75
8E76
8E77
8E78
8E79
8E7B
8E7E
8E7F
8E81
8E84
8E8D
8E8E
8E91
# The actual subroutine before we write to the palette:
8E92 *
8E95 *
8E96 *
8E98 *
8E9B *
8E9C *
8E9E *
8E9F *
8EA0 *
8EA3 *
8EA5 *
8EA7 *
8EA9 *
8EAC *
8EAD *
8EAE *
8EB3 *
8EB4 *
8EB5 *
8EB6 *
8EB8 *
8EB9 *
8EBB *
8EDD
8EE0
8EE2
8EE4
8EE6
8EE9
8EEC
8EED
8EF0
8EF3
8F97
8F99
8F9C
8F9E
8FA0
8FA1
8FA4
8FA7
8FA8
8FA9
8FAB
8FAD
8FAE
8FAF
8FB2
8FB5
8FB6
8FB7
8FB9
8FBB
8FCF
8FD1
8FD4
8FD6
8FD9
8FDA
8FDC
8FDE
8FE1
8FE4
8FE6
8FE9
8FEB
8FED
8FF0
8FF1
8FF3
8FF6
8FF9
8FFE
9001
9004
9007
900A
900C
900E
9012
9015
9017
901A
901B
901C
901D
901E
9021
9024
9027
902A
902C
902F
9032
9035
9037
903A
903C
904A
904D
9054
9056
9058
905A
905D
9060
90CC
90CE
90D0
90D2
90D4
90D6
90D8
90DA
90DC
90DE
90DF
90E1
90E3
90E4
90E6
9C03
9C06
9C09
9C0B
9C0C
9C0D
9C0E
9C0F
9C12
9C13
9C16
9C19
9C1A
9C1D
9C1E
9C21
9C22
9C25
9C28
9C29
9C2C
9C2E
9C31
9C34
9C35
9C38
9C39
9C3C
9C3E
9C41
9C43
9C46
9C49
9C4A
9C4D
9C4E
9C51
9C53
9C56
9C58
9C5A
9C5C
9C5D
9C5F
9C61
9C68
9C6B
9C6C
9C6D
9C6F
9C70
9C71
9C72
9C75
9C76
9C78
9C79
9C7A
9C7B
9C7C
9C7F
9C80
9C82
9C83
9C85
9C88
9C89
9C8A
9C8C
9C8D
9C8E
9C8F
9C90
9C93
9C94
9C96
9C97
9C98
9C99
9C9A
9C9C
9CA3
9CA6
9CA8
9CA9
9CAB
9CAD
9CAF
9CB1
9CB3
B038
B03B
B03C
B03E
B041
B044
B046
B049
F2D0
F2D3
F2D5
F2D8